<?xml version="1.0" encoding="UTF-8"?>
<!-- Generated by org.testng.reporters.JUnitXMLReporter -->
<testsuite ignored="0" hostname="DESKTOP-1MSC5F6" failures="0" tests="3" name="Default test" time="12.534" errors="0" timestamp="2022-05-03T13:10:35 IST">
  <testcase classname="org.facebook.loginpage.FacebooksigninTest" name="Facebooklogin1" time="2.846"/>
  <testcase classname="org.facebook.loginpage.FacebooksigninTest" name="Facebooklogin1" time="1.261"/>
  <testcase classname="org.facebook.loginpage.FacebooksigninTest" name="faceBooklogin" time="3.924"/>
</testsuite> <!-- Default test -->
