<?xml version="1.0" encoding="UTF-8"?>
<!-- Generated by org.testng.reporters.JUnitReportReporter -->
<testsuite hostname="DESKTOP-1MSC5F6" failures="0" tests="3" name="org.facebook.loginpage.FacebooksigninTest" time="8.031" errors="0" timestamp="2022-05-03T13:10:35 IST" skipped="0">
  <testcase classname="org.facebook.loginpage.FacebooksigninTest" name="faceBooklogin" time="3.924"/>
  <system-out>
The title of page is Log in to Facebook  </system-out>
  <testcase classname="org.facebook.loginpage.FacebooksigninTest" name="Facebooklogin1" time="1.261"/>
  <system-out>
The title of page is Log in to Facebook  </system-out>
  <testcase classname="org.facebook.loginpage.FacebooksigninTest" name="Facebooklogin1" time="2.846"/>
  <system-out>
The title of page is Facebook – log in or sign up  </system-out>
</testsuite> <!-- org.facebook.loginpage.FacebooksigninTest -->
